<?xml version="1.0" encoding="UTF-8"?>
<!-- Generated by org.testng.reporters.JUnitReportReporter -->
<testsuite hostname="LAPTOP-2LR20BM8" failures="0" tests="2" name="com.qa.testscripts.QuickSMSTest" time="22.382" errors="0" timestamp="26 Jun 2023 14:02:39 GMT" skipped="0">
  <testcase classname="com.qa.testscripts.QuickSMSTest" name="verifySMSwithoutNo" time="14.574"/>
  <testcase classname="com.qa.testscripts.QuickSMSTest" name="verifySendSMS" time="7.808"/>
</testsuite> <!-- com.qa.testscripts.QuickSMSTest -->
