<?xml version="1.0" encoding="UTF-8"?>
<!-- Generated by org.testng.reporters.JUnitReportReporter -->
<testsuite hostname="LAPTOP-2LR20BM8" failures="0" tests="1" name="com.qa.testscripts.SendEmailTest" time="13.310" errors="0" timestamp="23 Jun 2023 14:58:58 GMT" skipped="0">
  <testcase classname="com.qa.testscripts.SendEmailTest" name="sendMailText" time="13.310"/>
</testsuite> <!-- com.qa.testscripts.SendEmailTest -->
