<?xml version="1.0" encoding="UTF-8"?>
<!-- Generated by org.testng.reporters.JUnitReportReporter -->
<testsuite hostname="LAPTOP-2LR20BM8" failures="0" tests="3" name="obss.TestNgGoogleTest" time="18.582" errors="0" timestamp="16 Jun 2023 15:51:41 GMT" skipped="0">
  <testcase classname="obss.TestNgGoogleTest" name="logoTest" time="7.339"/>
  <testcase classname="obss.TestNgGoogleTest" name="googleTitleTest" time="2.575"/>
  <testcase classname="obss.TestNgGoogleTest" name="texttt" time="8.668"/>
</testsuite> <!-- obss.TestNgGoogleTest -->
