<?xml version="1.0" encoding="UTF-8"?>
<!-- Generated by org.testng.reporters.JUnitReportReporter -->
<testsuite hostname="LAPTOP-2LR20BM8" failures="0" tests="2" name="com.qa.testscripts.LoginTest" time="14.938" errors="0" timestamp="24 Jun 2023 10:32:29 GMT" skipped="0">
  <testcase classname="com.qa.testscripts.LoginTest" name="invalidloginTest" time="4.350"/>
  <testcase classname="com.qa.testscripts.LoginTest" name="VerifyLoginWithValidCredentials" time="10.588"/>
</testsuite> <!-- com.qa.testscripts.LoginTest -->
