<?xml version="1.0" encoding="UTF-8"?>
<!-- Generated by org.testng.reporters.JUnitReportReporter -->
<testsuite hostname="LAPTOP-2LR20BM8" failures="0" tests="1" name="com.qa.testscripts.QuantityAlertTest" time="6.107" errors="0" timestamp="22 Jun 2023 09:28:30 GMT" skipped="0">
  <testcase classname="com.qa.testscripts.QuantityAlertTest" name="quantityAlert" time="6.107"/>
</testsuite> <!-- com.qa.testscripts.QuantityAlertTest -->
