<?xml version="1.0" encoding="UTF-8"?>
<!-- Generated by org.testng.reporters.JUnitReportReporter -->
<testsuite hostname="LAPTOP-2LR20BM8" failures="0" tests="2" name="com.qa.testscripts.AddClientTest" time="27.208" errors="0" timestamp="27 Jun 2023 15:35:39 GMT" skipped="0">
  <testcase classname="com.qa.testscripts.AddClientTest" name="addClientTest" time="16.792"/>
  <testcase classname="com.qa.testscripts.AddClientTest" name="verifyAlertMsgWithoutClient" time="10.416"/>
</testsuite> <!-- com.qa.testscripts.AddClientTest -->
