<?xml version="1.0" encoding="UTF-8"?>
<!-- Generated by org.testng.reporters.JUnitReportReporter -->
<testsuite hostname="LAPTOP-2LR20BM8" failures="0" tests="7" name="com.qa.testscripts.HomePageTest" time="103.743" errors="0" timestamp="27 Jun 2023 12:48:38 GMT" skipped="0">
  <testcase classname="com.qa.testscripts.HomePageTest" name="addClient" time="7.734"/>
  <testcase classname="com.qa.testscripts.HomePageTest" name="sendSMS" time="56.193"/>
  <testcase classname="com.qa.testscripts.HomePageTest" name="verifyNavigateToReparartionPage" time="9.290"/>
  <testcase classname="com.qa.testscripts.HomePageTest" name="verifyPresenceOfQuickSMSFunction" time="7.048"/>
  <testcase classname="com.qa.testscripts.HomePageTest" name="verifyNavigateToSendMail" time="7.054"/>
  <testcase classname="com.qa.testscripts.HomePageTest" name="alertTest" time="6.821"/>
  <testcase classname="com.qa.testscripts.HomePageTest" name="verifyOrderandReparartionsPage" time="9.603"/>
</testsuite> <!-- com.qa.testscripts.HomePageTest -->
