<?xml version="1.0" encoding="UTF-8"?>
<!-- Generated by org.testng.reporters.JUnitReportReporter -->
<testsuite hostname="LAPTOP-2LR20BM8" failures="0" tests="1" name="com.qa.testscripts.ForgotYourPwTest" time="13.476" errors="0" timestamp="27 Jun 2023 13:16:30 GMT" skipped="0">
  <testcase classname="com.qa.testscripts.ForgotYourPwTest" name="verifyNavigateToforgotPwPage" time="13.476"/>
</testsuite> <!-- com.qa.testscripts.ForgotYourPwTest -->
