<?xml version="1.0" encoding="UTF-8"?>
<!-- Generated by org.testng.reporters.JUnitReportReporter -->
<testsuite skipped="0" hostname="LAPTOP-2LR20BM8" name="com.qa.testscripts.HomePageTest" tests="4" failures="0" timestamp="30 Jun 2023 11:02:42 GMT" time="36.978" errors="0">
  <testcase name="addClient" time="11.027" classname="com.qa.testscripts.HomePageTest"/>
  <testcase name="alertTest" time="7.341" classname="com.qa.testscripts.HomePageTest"/>
  <testcase name="verifyNavigateToReparartionPage" time="11.117" classname="com.qa.testscripts.HomePageTest"/>
  <testcase name="sendSMS" time="7.493" classname="com.qa.testscripts.HomePageTest"/>
</testsuite> <!-- com.qa.testscripts.HomePageTest -->
