<?xml version="1.0" encoding="UTF-8"?>
<!-- Generated by org.testng.reporters.JUnitReportReporter -->
<testsuite hostname="LAPTOP-2LR20BM8" failures="0" tests="2" name="com.qa.testscripts.LoginTest" time="17.152" errors="0" timestamp="22 Jun 2023 11:01:22 GMT" skipped="0">
  <testcase classname="com.qa.testscripts.LoginTest" name="logOutTest" time="7.804"/>
  <testcase classname="com.qa.testscripts.LoginTest" name="login" time="9.348"/>
</testsuite> <!-- com.qa.testscripts.LoginTest -->
