<?xml version="1.0" encoding="UTF-8"?>
<!-- Generated by org.testng.reporters.JUnitReportReporter -->
<testsuite skipped="0" hostname="LAPTOP-2LR20BM8" name="com.qa.testscripts.AddClientTest" tests="2" failures="0" timestamp="02 Jul 2023 04:30:50 GMT" time="20.090" errors="0">
  <testcase name="verifyAlertMsgWithoutClient" time="9.407" classname="com.qa.testscripts.AddClientTest"/>
  <testcase name="addClientTest" time="10.683" classname="com.qa.testscripts.AddClientTest"/>
</testsuite> <!-- com.qa.testscripts.AddClientTest -->
