<?xml version="1.0" encoding="UTF-8"?>
<!-- Generated by org.testng.reporters.JUnitReportReporter -->
<testsuite skipped="0" hostname="LAPTOP-2LR20BM8" name="com.qa.testscripts.LoginTest" tests="3" failures="0" timestamp="05 Jul 2023 14:55:32 GMT" time="26.103" errors="0">
  <testcase name="invalidloginTest" time="10.232" classname="com.qa.testscripts.LoginTest"/>
  <testcase name="loginCredentialsTest" time="8.641" classname="com.qa.testscripts.LoginTest"/>
  <testcase name="verifyLoginWithValidCredentials" time="7.230" classname="com.qa.testscripts.LoginTest"/>
</testsuite> <!-- com.qa.testscripts.LoginTest -->
