<?xml version="1.0" encoding="UTF-8"?>
<!-- Generated by org.testng.reporters.JUnitReportReporter -->
<testsuite skipped="0" hostname="LAPTOP-2LR20BM8" name="com.qa.testscripts.QuickSMSTest" tests="2" failures="0" timestamp="02 Jul 2023 04:30:50 GMT" time="12.674" errors="0">
  <testcase name="verifySMSwithoutNo" time="5.671" classname="com.qa.testscripts.QuickSMSTest"/>
  <testcase name="verifySendSMS" time="7.003" classname="com.qa.testscripts.QuickSMSTest"/>
</testsuite> <!-- com.qa.testscripts.QuickSMSTest -->
