<?xml version="1.0" encoding="UTF-8"?>
<!-- Generated by org.testng.reporters.JUnitReportReporter -->
<testsuite skipped="0" hostname="LAPTOP-2LR20BM8" name="com.qa.testscripts.ReparationTest" tests="1" failures="0" timestamp="01 Jul 2023 05:48:00 GMT" time="13.100" errors="0">
  <testcase name="addReparation" time="13.100" classname="com.qa.testscripts.ReparationTest"/>
</testsuite> <!-- com.qa.testscripts.ReparationTest -->
